<?xml version="1.0" encoding="UTF-8"?>
<?totaltestVersion 18.2.4.v20180102-2053_46?>
<!--Topaz for Total Test 18.2.4.v20180102-2053_46 Jan 22, 2018 4:15:16 PM-->
<testsuites>
  <testsuite errors="0" failures="0" name="Project: 'CWXTSUBC_Unit_Test' Scenario: 'CWXTSUBC_Scenario' Testcase: 'CWXTSUBCCase1'" tests="3">
    <testcase classname="Project: 'CWXTSUBC_Unit_Test' Scenario: 'CWXTSUBC_Scenario' Testcase: 'CWXTSUBCCase1'" name="Check for EMP_TYPE"/>
    <testcase classname="Project: 'CWXTSUBC_Unit_Test' Scenario: 'CWXTSUBC_Scenario' Testcase: 'CWXTSUBCCase1'" name="Check for SALES_AMOUNT"/>
    <testcase classname="Project: 'CWXTSUBC_Unit_Test' Scenario: 'CWXTSUBC_Scenario' Testcase: 'CWXTSUBCCase1'" name="Check for COMM_TOTAL"/>
  </testsuite>
  <testsuite errors="0" failures="1" name="Project: 'CWXTSUBC_Unit_Test' Scenario: 'CWXTSUBC_Scenario' Testcase: 'CWXTSUBCCase2'" tests="3">
    <testcase classname="Project: 'CWXTSUBC_Unit_Test' Scenario: 'CWXTSUBC_Scenario' Testcase: 'CWXTSUBCCase2'" name="Check for EMP_TYPE"/>
    <testcase classname="Project: 'CWXTSUBC_Unit_Test' Scenario: 'CWXTSUBC_Scenario' Testcase: 'CWXTSUBCCase2'" name="Check for SALES_AMOUNT"/>
    <testcase classname="Project: 'CWXTSUBC_Unit_Test' Scenario: 'CWXTSUBC_Scenario' Testcase: 'CWXTSUBCCase2'" name="Check for COMM_TOTAL">
      <failure>Check for COMM_TOTAL failed

Actual Value:    		1000.00

Expected Value:  2000.00</failure>
    </testcase>
  </testsuite>
</testsuites>