<?xml version="1.0" encoding="UTF-8"?>
<?totaltestVersion 19.2.1.v20180920-0235_707?>
<!--Topaz for Total Test 19.2.1.v20180920-0235_707 Oct 17, 2018 8:33:27 PM-->
<testsuites>
  <testsuite errors="0" failures="0" name="CWXTSUBC_Unit_Test.CWXTSUBC_Scenario.00001: CWXTSUBCCase1" tests="3">
    <testcase classname="CWXTSUBC_Unit_Test.CWXTSUBC_Scenario.00001: CWXTSUBCCase1" name="00001: Check for EMP_TYPE"/>
    <testcase classname="CWXTSUBC_Unit_Test.CWXTSUBC_Scenario.00001: CWXTSUBCCase1" name="00002: Check for SALES_AMOUNT"/>
    <testcase classname="CWXTSUBC_Unit_Test.CWXTSUBC_Scenario.00001: CWXTSUBCCase1" name="00003: Check for COMM_TOTAL"/>
  </testsuite>
  <testsuite errors="0" failures="1" name="CWXTSUBC_Unit_Test.CWXTSUBC_Scenario.00002: CWXTSUBCCase2" tests="3">
    <testcase classname="CWXTSUBC_Unit_Test.CWXTSUBC_Scenario.00002: CWXTSUBCCase2" name="00001: Check for EMP_TYPE"/>
    <testcase classname="CWXTSUBC_Unit_Test.CWXTSUBC_Scenario.00002: CWXTSUBCCase2" name="00002: Check for SALES_AMOUNT"/>
    <testcase classname="CWXTSUBC_Unit_Test.CWXTSUBC_Scenario.00002: CWXTSUBCCase2" name="00003: Check for COMM_TOTAL">
      <failure>Check for COMM_TOTAL failed

Actual Value:    1000.00

Expected Value:  2000.00</failure>
    </testcase>
  </testsuite>
</testsuites>